{"level":"info","message":"Hello from Acquisitions!","service":"acquisitions-api"}
{"level":"info","message":"::1 - - [25/Jan/2026:08:53:41 +0000] \"GET / HTTP/1.1\" 304 - \"-\" \"Mozilla/5.0 (Windows NT 10.0; Win64; x64) AppleWebKit/537.36 (KHTML, like Gecko) Chrome/144.0.0.0 Safari/537.36 Edg/144.0.0.0\"","service":"acquisitions-api"}
{"level":"info","message":"Hello from Acquisitions!","service":"acquisitions-api"}
{"level":"info","message":"::1 - - [25/Jan/2026:08:53:42 +0000] \"GET / HTTP/1.1\" 304 - \"-\" \"Mozilla/5.0 (Windows NT 10.0; Win64; x64) AppleWebKit/537.36 (KHTML, like Gecko) Chrome/144.0.0.0 Safari/537.36 Edg/144.0.0.0\"","service":"acquisitions-api"}
{"level":"info","message":"Hello from Acquisitions!","service":"acquisitions-api"}
{"level":"info","message":"::1 - - [27/Jan/2026:20:31:40 +0000] \"GET / HTTP/1.1\" 200 23 \"-\" \"HTTPie\"","service":"acquisitions-api"}
{"level":"info","message":"::1 - - [27/Jan/2026:20:32:10 +0000] \"GET /api HTTP/1.1\" 200 42 \"-\" \"HTTPie\"","service":"acquisitions-api"}
{"level":"info","message":"::1 - - [27/Jan/2026:20:32:38 +0000] \"GET /health HTTP/1.1\" 200 77 \"-\" \"HTTPie\"","service":"acquisitions-api"}
{"level":"info","message":"::1 - - [27/Jan/2026:20:33:16 +0000] \"POST /api/auth/sign-in HTTP/1.1\" 200 31 \"-\" \"HTTPie\"","service":"acquisitions-api"}
{"level":"info","message":"::1 - - [27/Jan/2026:21:25:13 +0000] \"POST /api/auth/sign-up HTTP/1.1\" 200 31 \"-\" \"HTTPie\"","service":"acquisitions-api"}
{"level":"info","message":"::1 - - [27/Jan/2026:21:27:49 +0000] \"POST /api/auth/sign-up HTTP/1.1\" 400 93 \"-\" \"HTTPie\"","service":"acquisitions-api"}
{"level":"info","message":"User registered successfully: nnolitemple2005@gmail.com","service":"acquisitions-api"}
{"level":"info","message":"::1 - - [27/Jan/2026:21:30:04 +0000] \"POST /api/auth/sign-up HTTP/1.1\" 201 111 \"-\" \"HTTPie\"","service":"acquisitions-api"}
{"level":"info","message":"User slime@gmail.com created successfully","service":"acquisitions-api"}
{"level":"info","message":"User registered successfully: slime@gmail.com","service":"acquisitions-api"}
{"level":"info","message":"::1 - - [27/Jan/2026:22:28:23 +0000] \"POST /api/auth/sign-up HTTP/1.1\" 201 101 \"-\" \"HTTPie\"","service":"acquisitions-api"}
{"level":"info","message":"User ally@gmail.com created successfully","service":"acquisitions-api"}
{"level":"info","message":"User registered successfully: ally@gmail.com","service":"acquisitions-api"}
{"level":"info","message":"::1 - - [27/Jan/2026:22:29:47 +0000] \"POST /api/auth/sign-up HTTP/1.1\" 201 98 \"-\" \"HTTPie\"","service":"acquisitions-api"}
{"level":"info","message":"User ally@gmail.com authenticated successfully","service":"acquisitions-api"}
{"level":"info","message":"User signed in successfully: ally@gmail.com","service":"acquisitions-api"}
{"level":"info","message":"::1 - - [27/Jan/2026:23:53:24 +0000] \"POST /api/auth/sign-in HTTP/1.1\" 200 110 \"-\" \"HTTPie\"","service":"acquisitions-api"}
{"level":"info","message":"User signed out successfully","service":"acquisitions-api"}
{"level":"info","message":"::1 - - [27/Jan/2026:23:53:53 +0000] \"POST /api/auth/sign-out HTTP/1.1\" 200 42 \"-\" \"HTTPie\"","service":"acquisitions-api"}
